==================== 2025-11-07 15:20:00.376607 | 019a5ee7-2e69-7e00-bf0b-9b53c385ea5c ====================
dbt-fusion 2.0.0-preview.60
   Loading ~/.dbt/profiles.yml
 Debugging profile: dev
 Debugging dbt version: 2.0.0-preview.60
 Debugging platform: macos aarch64 (unix)
 Debugging adapter type: snowflake (remote)
 Debugging dependencies:
  git: OK
 Debugging connection:
  "account": "UCAIUPH-DW03553",
  "user": "dbt_user",
  "database": "transformation",
  "warehouse": "compute_wh",
  "schema": "dbt_dev",
  "role": "transformer"
15:20:02.833068 [debug]: Query executed on node unknown:
select 1 as id
 Debugging connection test: OK
  Debugged All checks passed!
15:20:04.784242 [info ]: 
==================== Execution Summary =====================
Finished 'debug' successfully for target 'dev' [4.4s]
